\BOOKMARK [0][-]{chapter*.5}{Abstract}{}% 1
\BOOKMARK [0][-]{chapter.1}{Introduction}{}% 2
\BOOKMARK [1][-]{section.1.1}{General overview}{chapter.1}% 3
\BOOKMARK [1][-]{section.1.2}{Contributions}{chapter.1}% 4
\BOOKMARK [1][-]{section.1.3}{Structure of the thesis}{chapter.1}% 5
\BOOKMARK [0][-]{chapter.2}{State of the Art}{}% 6
\BOOKMARK [1][-]{section.2.1}{Mathematical Fundations}{chapter.2}% 7
\BOOKMARK [2][-]{subsection.2.1.1}{Modular Arithmetic}{section.2.1}% 8
\BOOKMARK [2][-]{subsection.2.1.2}{Groups and Finite Fields}{section.2.1}% 9
\BOOKMARK [1][-]{section.2.2}{Elliptic Curve}{chapter.2}% 10
\BOOKMARK [2][-]{subsection.2.2.1}{Over a finite field}{section.2.2}% 11
\BOOKMARK [2][-]{subsection.2.2.2}{Bitcoin's Elliptic Curve}{section.2.2}% 12
\BOOKMARK [1][-]{section.2.3}{Double and Add Algorithm}{chapter.2}% 13
\BOOKMARK [1][-]{section.2.4}{Discrete Logarithm}{chapter.2}% 14
\BOOKMARK [1][-]{section.2.5}{Hash Function}{chapter.2}% 15
\BOOKMARK [1][-]{section.2.6}{Elliptic Curve Cryptography}{chapter.2}% 16
\BOOKMARK [2][-]{subsection.2.6.1}{Key pair generation}{section.2.6}% 17
\BOOKMARK [2][-]{subsection.2.6.2}{Signature Protocol}{section.2.6}% 18
\BOOKMARK [0][-]{chapter.3}{Schnorr Signature Algorithm}{}% 19
\BOOKMARK [1][-]{section.3.1}{Scheme}{chapter.3}% 20
\BOOKMARK [2][-]{subsection.3.1.1}{Verification}{section.3.1}% 21
\BOOKMARK [1][-]{section.3.2}{Step by step analysis}{chapter.3}% 22
\BOOKMARK [1][-]{section.3.3}{Benefits}{chapter.3}% 23
\BOOKMARK [0][-]{chapter.4}{Multisignature}{}% 24
\BOOKMARK [1][-]{section.4.1}{Key Aggregation}{chapter.4}% 25
\BOOKMARK [2][-]{subsection.4.1.1}{Additivity}{section.4.1}% 26
\BOOKMARK [1][-]{section.4.2}{Scheme}{chapter.4}% 27
\BOOKMARK [2][-]{subsection.4.2.1}{Verification}{section.4.2}% 28
\BOOKMARK [1][-]{section.4.3}{Step by step analysis}{chapter.4}% 29
\BOOKMARK [2][-]{subsection.4.3.1}{Cancellation attack}{section.4.3}% 30
\BOOKMARK [1][-]{section.4.4}{Benefits}{chapter.4}% 31
\BOOKMARK [0][-]{chapter.5}{DSA vs SSA}{}% 32
\BOOKMARK [1][-]{section.5.1}{Digital Signature Algorithm}{chapter.5}% 33
\BOOKMARK [2][-]{subsection.5.1.1}{Scheme}{section.5.1}% 34
\BOOKMARK [2][-]{subsection.5.1.2}{Verification}{section.5.1}% 35
\BOOKMARK [1][-]{section.5.2}{Comparison}{chapter.5}% 36
\BOOKMARK [0][-]{chapter.6}{Conclusions and Future Work}{}% 37
\BOOKMARK [1][-]{section.6.1}{Conclusions}{chapter.6}% 38
\BOOKMARK [1][-]{section.6.2}{Future Work}{chapter.6}% 39
\BOOKMARK [0][-]{chapter*.26}{Bibliography}{}% 40
\BOOKMARK [0][-]{appendix.A}{Multisignature}{}% 41
