This is pdfTeX, Version 3.14159265-2.6-1.40.17 (TeX Live 2016) (preloaded format=pdflatex 2017.4.3)  11 MAY 2018 16:32
entering extended mode
 restricted \write18 enabled.
 %&-line parsing enabled.
**tesi.tex
(./tesi.tex
LaTeX2e <2016/03/31>
Babel <3.9r> and hyphenation patterns for 83 language(s) loaded.
(/usr/local/texlive/2016/texmf-dist/tex/latex/base/report.cls
Document Class: report 2014/09/29 v1.4h Standard LaTeX document class
(/usr/local/texlive/2016/texmf-dist/tex/latex/base/size11.clo
File: size11.clo 2014/09/29 v1.4h Standard LaTeX file (size option)
)
\c@part=\count79
\c@chapter=\count80
\c@section=\count81
\c@subsection=\count82
\c@subsubsection=\count83
\c@paragraph=\count84
\c@subparagraph=\count85
\c@figure=\count86
\c@table=\count87
\abovecaptionskip=\skip41
\belowcaptionskip=\skip42
\bibindent=\dimen102
)
(/usr/local/texlive/2016/texmf-dist/tex/latex/tocbibind/tocbibind.sty
Package: tocbibind 2010/10/13 v1.5k extra ToC listings
Package tocbibind Info: The document has chapter divisions on input line 50.


Package tocbibind Note: Using chapter style headings, unless overridden.

) (/usr/local/texlive/2016/texmf-dist/tex/latex/graphics/graphicx.sty
Package: graphicx 2014/10/28 v1.0g Enhanced LaTeX Graphics (DPC,SPQR)

(/usr/local/texlive/2016/texmf-dist/tex/latex/graphics/keyval.sty
Package: keyval 2014/10/28 v1.15 key=value parser (DPC)
\KV@toks@=\toks14
)
(/usr/local/texlive/2016/texmf-dist/tex/latex/graphics/graphics.sty
Package: graphics 2016/05/09 v1.0r Standard LaTeX Graphics (DPC,SPQR)

(/usr/local/texlive/2016/texmf-dist/tex/latex/graphics/trig.sty
Package: trig 2016/01/03 v1.10 sin cos tan (DPC)
)
(/usr/local/texlive/2016/texmf-dist/tex/latex/graphics-cfg/graphics.cfg
File: graphics.cfg 2016/01/02 v1.10 sample graphics configuration
)
Package graphics Info: Driver file: pdftex.def on input line 96.

(/usr/local/texlive/2016/texmf-dist/tex/latex/pdftex-def/pdftex.def
File: pdftex.def 2011/05/27 v0.06d Graphics/color for pdfTeX

(/usr/local/texlive/2016/texmf-dist/tex/generic/oberdiek/infwarerr.sty
Package: infwarerr 2016/05/16 v1.4 Providing info/warning/error messages (HO)
)
(/usr/local/texlive/2016/texmf-dist/tex/generic/oberdiek/ltxcmds.sty
Package: ltxcmds 2016/05/16 v1.23 LaTeX kernel commands for general use (HO)
)
\Gread@gobject=\count88
))
\Gin@req@height=\dimen103
\Gin@req@width=\dimen104
)
(/usr/local/texlive/2016/texmf-dist/tex/latex/tools/tabularx.sty
Package: tabularx 2016/02/03 v2.11 `tabularx' package (DPC)

(/usr/local/texlive/2016/texmf-dist/tex/latex/tools/array.sty
Package: array 2014/10/28 v2.4c Tabular extension package (FMi)
\col@sep=\dimen105
\extrarowheight=\dimen106
\NC@list=\toks15
\extratabsurround=\skip43
\backup@length=\skip44
)
\TX@col@width=\dimen107
\TX@old@table=\dimen108
\TX@old@col=\dimen109
\TX@target=\dimen110
\TX@delta=\dimen111
\TX@cols=\count89
\TX@ftn=\toks16
)
(/usr/local/texlive/2016/texmf-dist/tex/latex/multirow/multirow.sty
\bigstrutjot=\dimen112
)
(/usr/local/texlive/2016/texmf-dist/tex/latex/caption/subcaption.sty
Package: subcaption 2016/02/20 v1.1-142 Sub-captions (AR)

(/usr/local/texlive/2016/texmf-dist/tex/latex/caption/caption.sty
Package: caption 2016/02/21 v3.3-144 Customizing captions (AR)

(/usr/local/texlive/2016/texmf-dist/tex/latex/caption/caption3.sty
Package: caption3 2016/02/04 v1.7-139 caption3 kernel (AR)
Package caption3 Info: TeX engine: e-TeX on input line 67.
\captionmargin=\dimen113
\captionmargin@=\dimen114
\captionwidth=\dimen115
\caption@tempdima=\dimen116
\caption@indent=\dimen117
\caption@parindent=\dimen118
\caption@hangindent=\dimen119
)
\c@ContinuedFloat=\count90
)
\c@subfigure=\count91
\c@subtable=\count92
)
(/usr/local/texlive/2016/texmf-dist/tex/latex/tools/afterpage.sty
Package: afterpage 2014/10/28 v1.08 After-Page Package (DPC)
\AP@output=\toks17
\AP@partial=\box26
\AP@footins=\box27
)
(/usr/local/texlive/2016/texmf-dist/tex/latex/amsmath/amsmath.sty
Package: amsmath 2016/03/10 v2.15b AMS math features
\@mathmargin=\skip45

For additional information on amsmath, use the `?' option.
(/usr/local/texlive/2016/texmf-dist/tex/latex/amsmath/amstext.sty
Package: amstext 2000/06/29 v2.01 AMS text

(/usr/local/texlive/2016/texmf-dist/tex/latex/amsmath/amsgen.sty
File: amsgen.sty 1999/11/30 v2.0 generic functions
\@emptytoks=\toks18
\ex@=\dimen120
))
(/usr/local/texlive/2016/texmf-dist/tex/latex/amsmath/amsbsy.sty
Package: amsbsy 1999/11/29 v1.2d Bold Symbols
\pmbraise@=\dimen121
)
(/usr/local/texlive/2016/texmf-dist/tex/latex/amsmath/amsopn.sty
Package: amsopn 2016/03/08 v2.02 operator names
)
\inf@bad=\count93
LaTeX Info: Redefining \frac on input line 199.
\uproot@=\count94
\leftroot@=\count95
LaTeX Info: Redefining \overline on input line 297.
\classnum@=\count96
\DOTSCASE@=\count97
LaTeX Info: Redefining \ldots on input line 394.
LaTeX Info: Redefining \dots on input line 397.
LaTeX Info: Redefining \cdots on input line 518.
\Mathstrutbox@=\box28
\strutbox@=\box29
\big@size=\dimen122
LaTeX Font Info:    Redeclaring font encoding OML on input line 634.
LaTeX Font Info:    Redeclaring font encoding OMS on input line 635.
\macc@depth=\count98
\c@MaxMatrixCols=\count99
\dotsspace@=\muskip10
\c@parentequation=\count100
\dspbrk@lvl=\count101
\tag@help=\toks19
\row@=\count102
\column@=\count103
\maxfields@=\count104
\andhelp@=\toks20
\eqnshift@=\dimen123
\alignsep@=\dimen124
\tagshift@=\dimen125
\tagwidth@=\dimen126
\totwidth@=\dimen127
\lineht@=\dimen128
\@envbody=\toks21
\multlinegap=\skip46
\multlinetaggap=\skip47
\mathdisplay@stack=\toks22
LaTeX Info: Redefining \[ on input line 2739.
LaTeX Info: Redefining \] on input line 2740.
)
(/usr/local/texlive/2016/texmf-dist/tex/latex/amsfonts/amssymb.sty
Package: amssymb 2013/01/14 v3.01 AMS font symbols

(/usr/local/texlive/2016/texmf-dist/tex/latex/amsfonts/amsfonts.sty
Package: amsfonts 2013/01/14 v3.01 Basic AMSFonts support
\symAMSa=\mathgroup4
\symAMSb=\mathgroup5
LaTeX Font Info:    Overwriting math alphabet `\mathfrak' in version `bold'
(Font)                  U/euf/m/n --> U/euf/b/n on input line 106.
))
(/usr/local/texlive/2016/texmf-dist/tex/latex/amscls/amsthm.sty
Package: amsthm 2015/03/04 v2.20.2
\thm@style=\toks23
\thm@bodyfont=\toks24
\thm@headfont=\toks25
\thm@notefont=\toks26
\thm@headpunct=\toks27
\thm@preskip=\skip48
\thm@postskip=\skip49
\thm@headsep=\skip50
\dth@everypar=\toks28
)
(/usr/local/texlive/2016/texmf-dist/tex/latex/IEEEtran/IEEEtrantools.sty
Package: IEEEtrantools 2015/08/26 V1.5 by Michael Shell

-- See the "IEEEtrantools_doc.txt" manual for usage information.
-- http://www.michaelshell.org/tex/ieeetran/tools/
\@IEEEtrantmpdimenA=\dimen129
\@IEEEtrantmpdimenB=\dimen130
\@IEEEtrantmpdimenC=\dimen131
\@IEEEtrantmpcountA=\count105
\@IEEEtrantmpcountB=\count106
\@IEEEtrantmpcountC=\count107
\@IEEEtrantmptoksA=\toks29
\IEEEnormaljot=\dimen132
\IEEEquantizedlength=\dimen133
\IEEEquantizedlengthdiff=\dimen134
\IEEEquantizedtextheightdiff=\dimen135
\IEEEilabelindentA=\dimen136
\IEEEilabelindentB=\dimen137
\IEEEilabelindent=\dimen138
\IEEEelabelindent=\dimen139
\IEEEdlabelindent=\dimen140
\IEEElabelindent=\dimen141
\IEEEiednormlabelsep=\dimen142
\IEEEiedmathlabelsep=\dimen143
\IEEEiedtopsep=\skip51
\c@IEEEsubequation=\count108
\@IEEEeqnnumcols=\count109
\@IEEEeqncolcnt=\count110
\@IEEEsubeqnnumrollback=\count111
\IEEEPARstartletwidth=\dimen144
) (/usr/local/texlive/2016/texmf-dist/tex/latex/rotating/rotating.sty
Package: rotating 2009/03/28 v2.16a rotated objects in LaTeX

(/usr/local/texlive/2016/texmf-dist/tex/latex/base/ifthen.sty
Package: ifthen 2014/09/29 v1.1c Standard LaTeX ifthen package (DPC)
)
\c@r@tfl@t=\count112
\rotFPtop=\skip52
\rotFPbot=\skip53
\rot@float@box=\box30
\rot@mess@toks=\toks30
)
(/usr/local/texlive/2016/texmf-dist/tex/latex/fancyhdr/fancyhdr.sty
\fancy@headwidth=\skip54
\f@ncyO@elh=\skip55
\f@ncyO@erh=\skip56
\f@ncyO@olh=\skip57
\f@ncyO@orh=\skip58
\f@ncyO@elf=\skip59
\f@ncyO@erf=\skip60
\f@ncyO@olf=\skip61
\f@ncyO@orf=\skip62
)
(/usr/local/texlive/2016/texmf-dist/tex/latex/filecontents/filecontents.sty
Package: filecontents 2011/10/08 v1.3 Create an external file from within a LaT
eX document
)
(/usr/local/texlive/2016/texmf-dist/tex/latex/pgf/frontendlayer/tikz.sty
(/usr/local/texlive/2016/texmf-dist/tex/latex/pgf/basiclayer/pgf.sty
(/usr/local/texlive/2016/texmf-dist/tex/latex/pgf/utilities/pgfrcs.sty
(/usr/local/texlive/2016/texmf-dist/tex/generic/pgf/utilities/pgfutil-common.te
x
\pgfutil@everybye=\toks31
\pgfutil@tempdima=\dimen145
\pgfutil@tempdimb=\dimen146

(/usr/local/texlive/2016/texmf-dist/tex/generic/pgf/utilities/pgfutil-common-li
sts.tex))
(/usr/local/texlive/2016/texmf-dist/tex/generic/pgf/utilities/pgfutil-latex.def
\pgfutil@abb=\box31
(/usr/local/texlive/2016/texmf-dist/tex/latex/ms/everyshi.sty
Package: everyshi 2001/05/15 v3.00 EveryShipout Package (MS)
))
(/usr/local/texlive/2016/texmf-dist/tex/generic/pgf/utilities/pgfrcs.code.tex
Package: pgfrcs 2015/08/07 v3.0.1a (rcs-revision 1.31)
))
Package: pgf 2015/08/07 v3.0.1a (rcs-revision 1.15)
(/usr/local/texlive/2016/texmf-dist/tex/latex/pgf/basiclayer/pgfcore.sty
(/usr/local/texlive/2016/texmf-dist/tex/latex/pgf/systemlayer/pgfsys.sty
(/usr/local/texlive/2016/texmf-dist/tex/generic/pgf/systemlayer/pgfsys.code.tex
Package: pgfsys 2014/07/09 v3.0.1a (rcs-revision 1.48)
(/usr/local/texlive/2016/texmf-dist/tex/generic/pgf/utilities/pgfkeys.code.tex
\pgfkeys@pathtoks=\toks32
\pgfkeys@temptoks=\toks33

(/usr/local/texlive/2016/texmf-dist/tex/generic/pgf/utilities/pgfkeysfiltered.c
ode.tex
\pgfkeys@tmptoks=\toks34
))
\pgf@x=\dimen147
\pgf@y=\dimen148
\pgf@xa=\dimen149
\pgf@ya=\dimen150
\pgf@xb=\dimen151
\pgf@yb=\dimen152
\pgf@xc=\dimen153
\pgf@yc=\dimen154
\w@pgf@writea=\write3
\r@pgf@reada=\read1
\c@pgf@counta=\count113
\c@pgf@countb=\count114
\c@pgf@countc=\count115
\c@pgf@countd=\count116
\t@pgf@toka=\toks35
\t@pgf@tokb=\toks36
\t@pgf@tokc=\toks37

(/usr/local/texlive/2016/texmf-dist/tex/generic/pgf/systemlayer/pgf.cfg
File: pgf.cfg 2008/05/14  (rcs-revision 1.7)
)
Driver file for pgf: pgfsys-pdftex.def

(/usr/local/texlive/2016/texmf-dist/tex/generic/pgf/systemlayer/pgfsys-pdftex.d
ef
File: pgfsys-pdftex.def 2014/10/11  (rcs-revision 1.35)

(/usr/local/texlive/2016/texmf-dist/tex/generic/pgf/systemlayer/pgfsys-common-p
df.def
File: pgfsys-common-pdf.def 2013/10/10  (rcs-revision 1.13)
)))
(/usr/local/texlive/2016/texmf-dist/tex/generic/pgf/systemlayer/pgfsyssoftpath.
code.tex
File: pgfsyssoftpath.code.tex 2013/09/09  (rcs-revision 1.9)
\pgfsyssoftpath@smallbuffer@items=\count117
\pgfsyssoftpath@bigbuffer@items=\count118
)
(/usr/local/texlive/2016/texmf-dist/tex/generic/pgf/systemlayer/pgfsysprotocol.
code.tex
File: pgfsysprotocol.code.tex 2006/10/16  (rcs-revision 1.4)
)) (/usr/local/texlive/2016/texmf-dist/tex/latex/xcolor/xcolor.sty
Package: xcolor 2016/05/11 v2.12 LaTeX color extensions (UK)

(/usr/local/texlive/2016/texmf-dist/tex/latex/graphics-cfg/color.cfg
File: color.cfg 2016/01/02 v1.6 sample color configuration
)
Package xcolor Info: Driver file: pdftex.def on input line 225.
Package xcolor Info: Model `cmy' substituted by `cmy0' on input line 1348.
Package xcolor Info: Model `hsb' substituted by `rgb' on input line 1352.
Package xcolor Info: Model `RGB' extended on input line 1364.
Package xcolor Info: Model `HTML' substituted by `rgb' on input line 1366.
Package xcolor Info: Model `Hsb' substituted by `hsb' on input line 1367.
Package xcolor Info: Model `tHsb' substituted by `hsb' on input line 1368.
Package xcolor Info: Model `HSB' substituted by `hsb' on input line 1369.
Package xcolor Info: Model `Gray' substituted by `gray' on input line 1370.
Package xcolor Info: Model `wave' substituted by `hsb' on input line 1371.
)
(/usr/local/texlive/2016/texmf-dist/tex/generic/pgf/basiclayer/pgfcore.code.tex
Package: pgfcore 2010/04/11 v3.0.1a (rcs-revision 1.7)
(/usr/local/texlive/2016/texmf-dist/tex/generic/pgf/math/pgfmath.code.tex
(/usr/local/texlive/2016/texmf-dist/tex/generic/pgf/math/pgfmathcalc.code.tex
(/usr/local/texlive/2016/texmf-dist/tex/generic/pgf/math/pgfmathutil.code.tex)
(/usr/local/texlive/2016/texmf-dist/tex/generic/pgf/math/pgfmathparser.code.tex
\pgfmath@dimen=\dimen155
\pgfmath@count=\count119
\pgfmath@box=\box32
\pgfmath@toks=\toks38
\pgfmath@stack@operand=\toks39
\pgfmath@stack@operation=\toks40
)
(/usr/local/texlive/2016/texmf-dist/tex/generic/pgf/math/pgfmathfunctions.code.
tex
(/usr/local/texlive/2016/texmf-dist/tex/generic/pgf/math/pgfmathfunctions.basic
.code.tex)
(/usr/local/texlive/2016/texmf-dist/tex/generic/pgf/math/pgfmathfunctions.trigo
nometric.code.tex)
(/usr/local/texlive/2016/texmf-dist/tex/generic/pgf/math/pgfmathfunctions.rando
m.code.tex)
(/usr/local/texlive/2016/texmf-dist/tex/generic/pgf/math/pgfmathfunctions.compa
rison.code.tex)
(/usr/local/texlive/2016/texmf-dist/tex/generic/pgf/math/pgfmathfunctions.base.
code.tex)
(/usr/local/texlive/2016/texmf-dist/tex/generic/pgf/math/pgfmathfunctions.round
.code.tex)
(/usr/local/texlive/2016/texmf-dist/tex/generic/pgf/math/pgfmathfunctions.misc.
code.tex)
(/usr/local/texlive/2016/texmf-dist/tex/generic/pgf/math/pgfmathfunctions.integ
erarithmetics.code.tex)))
(/usr/local/texlive/2016/texmf-dist/tex/generic/pgf/math/pgfmathfloat.code.tex
\c@pgfmathroundto@lastzeros=\count120
))
(/usr/local/texlive/2016/texmf-dist/tex/generic/pgf/basiclayer/pgfcorepoints.co
de.tex
File: pgfcorepoints.code.tex 2013/10/07  (rcs-revision 1.27)
\pgf@picminx=\dimen156
\pgf@picmaxx=\dimen157
\pgf@picminy=\dimen158
\pgf@picmaxy=\dimen159
\pgf@pathminx=\dimen160
\pgf@pathmaxx=\dimen161
\pgf@pathminy=\dimen162
\pgf@pathmaxy=\dimen163
\pgf@xx=\dimen164
\pgf@xy=\dimen165
\pgf@yx=\dimen166
\pgf@yy=\dimen167
\pgf@zx=\dimen168
\pgf@zy=\dimen169
)
(/usr/local/texlive/2016/texmf-dist/tex/generic/pgf/basiclayer/pgfcorepathconst
ruct.code.tex
File: pgfcorepathconstruct.code.tex 2013/10/07  (rcs-revision 1.29)
\pgf@path@lastx=\dimen170
\pgf@path@lasty=\dimen171
)
(/usr/local/texlive/2016/texmf-dist/tex/generic/pgf/basiclayer/pgfcorepathusage
.code.tex
File: pgfcorepathusage.code.tex 2014/11/02  (rcs-revision 1.24)
\pgf@shorten@end@additional=\dimen172
\pgf@shorten@start@additional=\dimen173
)
(/usr/local/texlive/2016/texmf-dist/tex/generic/pgf/basiclayer/pgfcorescopes.co
de.tex
File: pgfcorescopes.code.tex 2015/05/08  (rcs-revision 1.46)
\pgfpic=\box33
\pgf@hbox=\box34
\pgf@layerbox@main=\box35
\pgf@picture@serial@count=\count121
)
(/usr/local/texlive/2016/texmf-dist/tex/generic/pgf/basiclayer/pgfcoregraphicst
ate.code.tex
File: pgfcoregraphicstate.code.tex 2014/11/02  (rcs-revision 1.12)
\pgflinewidth=\dimen174
)
(/usr/local/texlive/2016/texmf-dist/tex/generic/pgf/basiclayer/pgfcoretransform
ations.code.tex
File: pgfcoretransformations.code.tex 2015/08/07  (rcs-revision 1.20)
\pgf@pt@x=\dimen175
\pgf@pt@y=\dimen176
\pgf@pt@temp=\dimen177
)
(/usr/local/texlive/2016/texmf-dist/tex/generic/pgf/basiclayer/pgfcorequick.cod
e.tex
File: pgfcorequick.code.tex 2008/10/09  (rcs-revision 1.3)
)
(/usr/local/texlive/2016/texmf-dist/tex/generic/pgf/basiclayer/pgfcoreobjects.c
ode.tex
File: pgfcoreobjects.code.tex 2006/10/11  (rcs-revision 1.2)
)
(/usr/local/texlive/2016/texmf-dist/tex/generic/pgf/basiclayer/pgfcorepathproce
ssing.code.tex
File: pgfcorepathprocessing.code.tex 2013/09/09  (rcs-revision 1.9)
)
(/usr/local/texlive/2016/texmf-dist/tex/generic/pgf/basiclayer/pgfcorearrows.co
de.tex
File: pgfcorearrows.code.tex 2015/05/14  (rcs-revision 1.43)
\pgfarrowsep=\dimen178
)
(/usr/local/texlive/2016/texmf-dist/tex/generic/pgf/basiclayer/pgfcoreshade.cod
e.tex
File: pgfcoreshade.code.tex 2013/07/15  (rcs-revision 1.15)
\pgf@max=\dimen179
\pgf@sys@shading@range@num=\count122
)
(/usr/local/texlive/2016/texmf-dist/tex/generic/pgf/basiclayer/pgfcoreimage.cod
e.tex
File: pgfcoreimage.code.tex 2013/07/15  (rcs-revision 1.18)

(/usr/local/texlive/2016/texmf-dist/tex/generic/pgf/basiclayer/pgfcoreexternal.
code.tex
File: pgfcoreexternal.code.tex 2014/07/09  (rcs-revision 1.21)
\pgfexternal@startupbox=\box36
))
(/usr/local/texlive/2016/texmf-dist/tex/generic/pgf/basiclayer/pgfcorelayers.co
de.tex
File: pgfcorelayers.code.tex 2013/07/18  (rcs-revision 1.7)
)
(/usr/local/texlive/2016/texmf-dist/tex/generic/pgf/basiclayer/pgfcoretranspare
ncy.code.tex
File: pgfcoretransparency.code.tex 2013/09/30  (rcs-revision 1.5)
)
(/usr/local/texlive/2016/texmf-dist/tex/generic/pgf/basiclayer/pgfcorepatterns.
code.tex
File: pgfcorepatterns.code.tex 2013/11/07  (rcs-revision 1.5)
)))
(/usr/local/texlive/2016/texmf-dist/tex/generic/pgf/modules/pgfmoduleshapes.cod
e.tex
File: pgfmoduleshapes.code.tex 2014/03/21  (rcs-revision 1.35)
\pgfnodeparttextbox=\box37
)
(/usr/local/texlive/2016/texmf-dist/tex/generic/pgf/modules/pgfmoduleplot.code.
tex
File: pgfmoduleplot.code.tex 2015/08/03  (rcs-revision 1.13)
)
(/usr/local/texlive/2016/texmf-dist/tex/latex/pgf/compatibility/pgfcomp-version
-0-65.sty
Package: pgfcomp-version-0-65 2007/07/03 v3.0.1a (rcs-revision 1.7)
\pgf@nodesepstart=\dimen180
\pgf@nodesepend=\dimen181
)
(/usr/local/texlive/2016/texmf-dist/tex/latex/pgf/compatibility/pgfcomp-version
-1-18.sty
Package: pgfcomp-version-1-18 2007/07/23 v3.0.1a (rcs-revision 1.1)
))
(/usr/local/texlive/2016/texmf-dist/tex/latex/pgf/utilities/pgffor.sty
(/usr/local/texlive/2016/texmf-dist/tex/latex/pgf/utilities/pgfkeys.sty
(/usr/local/texlive/2016/texmf-dist/tex/generic/pgf/utilities/pgfkeys.code.tex)
) (/usr/local/texlive/2016/texmf-dist/tex/latex/pgf/math/pgfmath.sty
(/usr/local/texlive/2016/texmf-dist/tex/generic/pgf/math/pgfmath.code.tex))
(/usr/local/texlive/2016/texmf-dist/tex/generic/pgf/utilities/pgffor.code.tex
Package: pgffor 2013/12/13 v3.0.1a (rcs-revision 1.25)

(/usr/local/texlive/2016/texmf-dist/tex/generic/pgf/math/pgfmath.code.tex)
\pgffor@iter=\dimen182
\pgffor@skip=\dimen183
\pgffor@stack=\toks41
\pgffor@toks=\toks42
))
(/usr/local/texlive/2016/texmf-dist/tex/generic/pgf/frontendlayer/tikz/tikz.cod
e.tex
Package: tikz 2015/08/07 v3.0.1a (rcs-revision 1.151)

(/usr/local/texlive/2016/texmf-dist/tex/generic/pgf/libraries/pgflibraryplothan
dlers.code.tex
File: pgflibraryplothandlers.code.tex 2013/08/31 v3.0.1a (rcs-revision 1.20)
\pgf@plot@mark@count=\count123
\pgfplotmarksize=\dimen184
)
\tikz@lastx=\dimen185
\tikz@lasty=\dimen186
\tikz@lastxsaved=\dimen187
\tikz@lastysaved=\dimen188
\tikzleveldistance=\dimen189
\tikzsiblingdistance=\dimen190
\tikz@figbox=\box38
\tikz@figbox@bg=\box39
\tikz@tempbox=\box40
\tikz@tempbox@bg=\box41
\tikztreelevel=\count124
\tikznumberofchildren=\count125
\tikznumberofcurrentchild=\count126
\tikz@fig@count=\count127

(/usr/local/texlive/2016/texmf-dist/tex/generic/pgf/modules/pgfmodulematrix.cod
e.tex
File: pgfmodulematrix.code.tex 2013/09/17  (rcs-revision 1.8)
\pgfmatrixcurrentrow=\count128
\pgfmatrixcurrentcolumn=\count129
\pgf@matrix@numberofcolumns=\count130
)
\tikz@expandcount=\count131

(/usr/local/texlive/2016/texmf-dist/tex/generic/pgf/frontendlayer/tikz/librarie
s/tikzlibrarytopaths.code.tex
File: tikzlibrarytopaths.code.tex 2008/06/17 v3.0.1a (rcs-revision 1.2)
)))
(/usr/local/texlive/2016/texmf-dist/tex/latex/pgfplots/pgfplots.sty
(/usr/local/texlive/2016/texmf-dist/tex/generic/pgfplots/pgfplots.revision.tex)
Package: pgfplots 2016/01/06 v1.13 Data Visualization (1.13)
(/usr/local/texlive/2016/texmf-dist/tex/generic/pgfplots/pgfplots.code.tex
(/usr/local/texlive/2016/texmf-dist/tex/generic/pgfplots/pgfplotscore.code.tex
\t@pgfplots@toka=\toks43
\t@pgfplots@tokb=\toks44
\t@pgfplots@tokc=\toks45
\pgfplots@tmpa=\dimen191
\c@pgfplots@coordindex=\count132
\c@pgfplots@scanlineindex=\count133

(/usr/local/texlive/2016/texmf-dist/tex/generic/pgfplots/sys/pgfplotssysgeneric
.code.tex))
(/usr/local/texlive/2016/texmf-dist/tex/generic/pgfplots/libs/pgfplotslibrary.c
ode.tex)
(/usr/local/texlive/2016/texmf-dist/tex/generic/pgfplots/oldpgfcompatib/pgfplot
soldpgfsupp_loader.code.tex
(/usr/local/texlive/2016/texmf-dist/tex/generic/pgf/libraries/pgflibraryfpu.cod
e.tex)
Package pgfplots: loading complementary arithmetics for your pgf version...

(/usr/local/texlive/2016/texmf-dist/tex/generic/pgfplots/oldpgfcompatib/pgfplot
soldpgfsupp_pgflibraryfpu.code.tex)
(/usr/local/texlive/2016/texmf-dist/tex/generic/pgfplots/oldpgfcompatib/pgfplot
soldpgfsupp_pgfmathfloat.code.tex
\c@pgfmathroundto@lastzeros=\count134
))
(/usr/local/texlive/2016/texmf-dist/tex/generic/pgfplots/util/pgfplotsutil.code
.tex
(/usr/local/texlive/2016/texmf-dist/tex/generic/pgfplots/liststructure/pgfplots
liststructure.code.tex)
(/usr/local/texlive/2016/texmf-dist/tex/generic/pgfplots/liststructure/pgfplots
liststructureext.code.tex)
(/usr/local/texlive/2016/texmf-dist/tex/generic/pgfplots/liststructure/pgfplots
array.code.tex
\c@pgfplotsarray@tmp=\count135
)
(/usr/local/texlive/2016/texmf-dist/tex/generic/pgfplots/liststructure/pgfplots
matrix.code.tex)
(/usr/local/texlive/2016/texmf-dist/tex/generic/pgfplots/numtable/pgfplotstable
shared.code.tex
\c@pgfplotstable@counta=\count136
\t@pgfplotstable@a=\toks46
)
(/usr/local/texlive/2016/texmf-dist/tex/generic/pgfplots/liststructure/pgfplots
deque.code.tex)
(/usr/local/texlive/2016/texmf-dist/tex/generic/pgfplots/util/pgfplotsbinary.co
de.tex
(/usr/local/texlive/2016/texmf-dist/tex/generic/pgfplots/util/pgfplotsbinary.da
ta.code.tex))
(/usr/local/texlive/2016/texmf-dist/tex/generic/pgfplots/util/pgfplotsutil.verb
.code.tex)
(/usr/local/texlive/2016/texmf-dist/tex/generic/pgfplots/libs/pgflibrarypgfplot
s.surfshading.code.tex
\c@pgfplotslibrarysurf@no=\count137

(/usr/local/texlive/2016/texmf-dist/tex/generic/pgfplots/sys/pgflibrarypgfplots
.surfshading.pgfsys-pdftex.def)))
(/usr/local/texlive/2016/texmf-dist/tex/generic/pgfplots/util/pgfplotscolormap.
code.tex
(/usr/local/texlive/2016/texmf-dist/tex/generic/pgfplots/util/pgfplotscolor.cod
e.tex))
(/usr/local/texlive/2016/texmf-dist/tex/generic/pgfplots/pgfplotsstackedplots.c
ode.tex)
(/usr/local/texlive/2016/texmf-dist/tex/generic/pgfplots/pgfplotsplothandlers.c
ode.tex
(/usr/local/texlive/2016/texmf-dist/tex/generic/pgfplots/pgfplotsmeshplothandle
r.code.tex
(/usr/local/texlive/2016/texmf-dist/tex/generic/pgfplots/pgfplotsmeshplotimage.
code.tex)))
(/usr/local/texlive/2016/texmf-dist/tex/generic/pgfplots/pgfplots.scaling.code.
tex)
(/usr/local/texlive/2016/texmf-dist/tex/generic/pgfplots/pgfplotscoordprocessin
g.code.tex)
(/usr/local/texlive/2016/texmf-dist/tex/generic/pgfplots/pgfplots.errorbars.cod
e.tex)
(/usr/local/texlive/2016/texmf-dist/tex/generic/pgfplots/pgfplots.markers.code.
tex)
(/usr/local/texlive/2016/texmf-dist/tex/generic/pgfplots/pgfplotsticks.code.tex
)
(/usr/local/texlive/2016/texmf-dist/tex/generic/pgfplots/pgfplots.paths.code.te
x)
(/usr/local/texlive/2016/texmf-dist/tex/generic/pgf/frontendlayer/tikz/librarie
s/tikzlibrarydecorations.code.tex
(/usr/local/texlive/2016/texmf-dist/tex/generic/pgf/modules/pgfmoduledecoration
s.code.tex
\pgfdecoratedcompleteddistance=\dimen192
\pgfdecoratedremainingdistance=\dimen193
\pgfdecoratedinputsegmentcompleteddistance=\dimen194
\pgfdecoratedinputsegmentremainingdistance=\dimen195
\pgf@decorate@distancetomove=\dimen196
\pgf@decorate@repeatstate=\count138
\pgfdecorationsegmentamplitude=\dimen197
\pgfdecorationsegmentlength=\dimen198
)
\tikz@lib@dec@box=\box42
)
(/usr/local/texlive/2016/texmf-dist/tex/generic/pgf/frontendlayer/tikz/librarie
s/tikzlibrarydecorations.pathmorphing.code.tex
(/usr/local/texlive/2016/texmf-dist/tex/generic/pgf/libraries/decorations/pgfli
brarydecorations.pathmorphing.code.tex))
(/usr/local/texlive/2016/texmf-dist/tex/generic/pgf/frontendlayer/tikz/librarie
s/tikzlibrarydecorations.pathreplacing.code.tex
(/usr/local/texlive/2016/texmf-dist/tex/generic/pgf/libraries/decorations/pgfli
brarydecorations.pathreplacing.code.tex))
\pgfplots@numplots=\count139
\pgfplots@xmin@reg=\dimen199
\pgfplots@xmax@reg=\dimen256
\pgfplots@ymin@reg=\dimen257
\pgfplots@ymax@reg=\dimen258
\pgfplots@zmin@reg=\dimen259
\pgfplots@zmax@reg=\dimen260
)
(/usr/local/texlive/2016/texmf-dist/tex/generic/pgf/frontendlayer/tikz/librarie
s/tikzlibraryplotmarks.code.tex
File: tikzlibraryplotmarks.code.tex 2008/01/09 v3.0.1a (rcs-revision 1.1)

(/usr/local/texlive/2016/texmf-dist/tex/generic/pgf/libraries/pgflibraryplotmar
ks.code.tex
File: pgflibraryplotmarks.code.tex 2015/08/03 v3.0.1a (rcs-revision 1.14)
))) (/usr/local/texlive/2016/texmf-dist/tex/latex/tools/xspace.sty
Package: xspace 2014/10/28 v1.13 Space after command names (DPC,MH)
)
(/usr/local/texlive/2016/texmf-dist/tex/generic/pgf/frontendlayer/tikz/librarie
s/tikzlibrarycalc.code.tex
File: tikzlibrarycalc.code.tex 2013/07/15 v3.0.1a (rcs-revision 1.9)
)
(/usr/local/texlive/2016/texmf-dist/tex/generic/pgf/frontendlayer/tikz/librarie
s/tikzlibraryarrows.code.tex
File: tikzlibraryarrows.code.tex 2008/01/09 v3.0.1a (rcs-revision 1.1)

(/usr/local/texlive/2016/texmf-dist/tex/generic/pgf/libraries/pgflibraryarrows.
code.tex
File: pgflibraryarrows.code.tex 2013/09/23 v3.0.1a (rcs-revision 1.16)
\arrowsize=\dimen261
))
(/usr/local/texlive/2016/texmf-dist/tex/generic/pgf/frontendlayer/tikz/librarie
s/tikzlibraryautomata.code.tex
File: tikzlibraryautomata.code.tex 2008/07/14 v3.0.1a (rcs-revision 1.3)

(/usr/local/texlive/2016/texmf-dist/tex/generic/pgf/frontendlayer/tikz/librarie
s/tikzlibraryshapes.multipart.code.tex
File: tikzlibraryshapes.multipart.code.tex 2008/01/09 v3.0.1a (rcs-revision 1.1
)

(/usr/local/texlive/2016/texmf-dist/tex/generic/pgf/libraries/shapes/pgflibrary
shapes.multipart.code.tex
File: pgflibraryshapes.multipart.code.tex 2010/01/07 v3.0.1a (rcs-revision 1.2)

\pgfnodepartlowerbox=\box43
\pgfnodeparttwobox=\box44
\pgfnodepartthreebox=\box45
\pgfnodepartfourbox=\box46
\pgfnodeparttwentybox=\box47
\pgfnodepartnineteenbox=\box48
\pgfnodeparteighteenbox=\box49
\pgfnodepartseventeenbox=\box50
\pgfnodepartsixteenbox=\box51
\pgfnodepartfifteenbox=\box52
\pgfnodepartfourteenbox=\box53
\pgfnodepartthirteenbox=\box54
\pgfnodeparttwelvebox=\box55
\pgfnodepartelevenbox=\box56
\pgfnodeparttenbox=\box57
\pgfnodepartninebox=\box58
\pgfnodeparteightbox=\box59
\pgfnodepartsevenbox=\box60
\pgfnodepartsixbox=\box61
\pgfnodepartfivebox=\box62
)))
(/usr/local/texlive/2016/texmf-dist/tex/generic/pgf/frontendlayer/tikz/librarie
s/tikzlibrarychains.code.tex
File: tikzlibrarychains.code.tex 2013/07/15 v3.0.1a (rcs-revision 1.6)

(/usr/local/texlive/2016/texmf-dist/tex/generic/pgf/frontendlayer/tikz/librarie
s/tikzlibrarypositioning.code.tex
File: tikzlibrarypositioning.code.tex 2008/10/06 v3.0.1a (rcs-revision 1.7)
))
(/usr/local/texlive/2016/texmf-dist/tex/generic/pgf/frontendlayer/tikz/librarie
s/tikzlibraryfit.code.tex
File: tikzlibraryfit.code.tex 2013/07/12 v3.0.1a (rcs-revision 1.5)
)
(/usr/local/texlive/2016/texmf-dist/tex/generic/pgf/frontendlayer/tikz/librarie
s/tikzlibraryshapes.code.tex
File: tikzlibraryshapes.code.tex 2008/01/09 v3.0.1a (rcs-revision 1.1)

(/usr/local/texlive/2016/texmf-dist/tex/generic/pgf/frontendlayer/tikz/librarie
s/tikzlibraryshapes.geometric.code.tex
File: tikzlibraryshapes.geometric.code.tex 2008/01/09 v3.0.1a (rcs-revision 1.1
)

(/usr/local/texlive/2016/texmf-dist/tex/generic/pgf/libraries/shapes/pgflibrary
shapes.geometric.code.tex
File: pgflibraryshapes.geometric.code.tex 2008/06/26 v3.0.1a (rcs-revision 1.1)

))
(/usr/local/texlive/2016/texmf-dist/tex/generic/pgf/frontendlayer/tikz/librarie
s/tikzlibraryshapes.misc.code.tex
File: tikzlibraryshapes.misc.code.tex 2008/01/09 v3.0.1a (rcs-revision 1.1)

(/usr/local/texlive/2016/texmf-dist/tex/generic/pgf/libraries/shapes/pgflibrary
shapes.misc.code.tex
File: pgflibraryshapes.misc.code.tex 2013/07/18 v3.0.1a (rcs-revision 1.5)
))
(/usr/local/texlive/2016/texmf-dist/tex/generic/pgf/frontendlayer/tikz/librarie
s/tikzlibraryshapes.symbols.code.tex
File: tikzlibraryshapes.symbols.code.tex 2008/01/09 v3.0.1a (rcs-revision 1.1)

(/usr/local/texlive/2016/texmf-dist/tex/generic/pgf/libraries/shapes/pgflibrary
shapes.symbols.code.tex
File: pgflibraryshapes.symbols.code.tex 2013/09/11 v3.0.1a (rcs-revision 1.6)
))
(/usr/local/texlive/2016/texmf-dist/tex/generic/pgf/frontendlayer/tikz/librarie
s/tikzlibraryshapes.arrows.code.tex
File: tikzlibraryshapes.arrows.code.tex 2008/01/09 v3.0.1a (rcs-revision 1.1)

(/usr/local/texlive/2016/texmf-dist/tex/generic/pgf/libraries/shapes/pgflibrary
shapes.arrows.code.tex
File: pgflibraryshapes.arrows.code.tex 2008/06/26 v3.0.1a (rcs-revision 1.1)
))
(/usr/local/texlive/2016/texmf-dist/tex/generic/pgf/frontendlayer/tikz/librarie
s/tikzlibraryshapes.callouts.code.tex
(/usr/local/texlive/2016/texmf-dist/tex/generic/pgf/libraries/shapes/pgflibrary
shapes.callouts.code.tex)))
(/usr/local/texlive/2016/texmf-dist/tex/latex/enumitem/enumitem.sty
Package: enumitem 2011/09/28 v3.5.2 Customized lists
\labelindent=\skip63
\enit@outerparindent=\dimen262
\enit@toks=\toks47
\enit@inbox=\box63
\enitdp@description=\count140
)
(/usr/local/texlive/2016/texmf-dist/tex/latex/colortbl/colortbl.sty
Package: colortbl 2012/02/13 v1.0a Color table columns (DPC)
\everycr=\toks48
\minrowclearance=\skip64
)
(/usr/local/texlive/2016/texmf-dist/tex/latex/float/float.sty
Package: float 2001/11/08 v1.3d Float enhancements (AL)
\c@float@type=\count141
\float@exts=\toks49
\float@box=\box64
\@float@everytoks=\toks50
\@floatcapt=\box65
)
(/usr/local/texlive/2016/texmf-dist/tex/latex/hyperref/hyperref.sty
Package: hyperref 2016/05/05 v6.83n Hypertext links for LaTeX

(/usr/local/texlive/2016/texmf-dist/tex/generic/oberdiek/hobsub-hyperref.sty
Package: hobsub-hyperref 2016/05/16 v1.14 Bundle oberdiek, subset hyperref (HO)


(/usr/local/texlive/2016/texmf-dist/tex/generic/oberdiek/hobsub-generic.sty
Package: hobsub-generic 2016/05/16 v1.14 Bundle oberdiek, subset generic (HO)
Package: hobsub 2016/05/16 v1.14 Construct package bundles (HO)
Package hobsub Info: Skipping package `infwarerr' (already loaded).
Package hobsub Info: Skipping package `ltxcmds' (already loaded).
Package: ifluatex 2016/05/16 v1.4 Provides the ifluatex switch (HO)
Package ifluatex Info: LuaTeX not detected.
Package: ifvtex 2016/05/16 v1.6 Detect VTeX and its facilities (HO)
Package ifvtex Info: VTeX not detected.
Package: intcalc 2016/05/16 v1.2 Expandable calculations with integers (HO)
Package: ifpdf 2016/05/14 v3.1 Provides the ifpdf switch
Package: etexcmds 2016/05/16 v1.6 Avoid name clashes with e-TeX commands (HO)
Package etexcmds Info: Could not find \expanded.
(etexcmds)             That can mean that you are not using pdfTeX 1.50 or
(etexcmds)             that some package has redefined \expanded.
(etexcmds)             In the latter case, load this package earlier.
Package: kvsetkeys 2016/05/16 v1.17 Key value parser (HO)
Package: kvdefinekeys 2016/05/16 v1.4 Define keys (HO)
Package: pdftexcmds 2016/05/10 v0.21 Utility functions of pdfTeX for LuaTeX (HO
)
Package pdftexcmds Info: LuaTeX not detected.
Package pdftexcmds Info: \pdf@primitive is available.
Package pdftexcmds Info: \pdf@ifprimitive is available.
Package pdftexcmds Info: \pdfdraftmode found.
Package: pdfescape 2016/05/16 v1.14 Implements pdfTeX's escape features (HO)
Package: bigintcalc 2016/05/16 v1.4 Expandable calculations on big integers (HO
)
Package: bitset 2016/05/16 v1.2 Handle bit-vector datatype (HO)
Package: uniquecounter 2016/05/16 v1.3 Provide unlimited unique counter (HO)
)
Package hobsub Info: Skipping package `hobsub' (already loaded).
Package: letltxmacro 2016/05/16 v1.5 Let assignment for LaTeX macros (HO)
Package: hopatch 2016/05/16 v1.3 Wrapper for package hooks (HO)
Package: xcolor-patch 2016/05/16 xcolor patch
Package: atveryend 2016/05/16 v1.9 Hooks at the very end of document (HO)
Package atveryend Info: \AP@enddocument detected (standard20110627).
Package: atbegshi 2016/05/16 v1.17 At begin shipout hook (HO)
Package: refcount 2016/05/16 v3.5 Data extraction from label references (HO)
Package: hycolor 2016/05/16 v1.8 Color options for hyperref/bookmark (HO)
)
(/usr/local/texlive/2016/texmf-dist/tex/generic/ifxetex/ifxetex.sty
Package: ifxetex 2010/09/12 v0.6 Provides ifxetex conditional
)
(/usr/local/texlive/2016/texmf-dist/tex/latex/oberdiek/auxhook.sty
Package: auxhook 2016/05/16 v1.4 Hooks for auxiliary files (HO)
)
(/usr/local/texlive/2016/texmf-dist/tex/latex/oberdiek/kvoptions.sty
Package: kvoptions 2016/05/16 v3.12 Key value format for package options (HO)
)
\@linkdim=\dimen263
\Hy@linkcounter=\count142
\Hy@pagecounter=\count143

(/usr/local/texlive/2016/texmf-dist/tex/latex/hyperref/pd1enc.def
File: pd1enc.def 2016/05/05 v6.83n Hyperref: PDFDocEncoding definition (HO)
)
\Hy@SavedSpaceFactor=\count144

(/usr/local/texlive/2016/texmf-dist/tex/latex/latexconfig/hyperref.cfg
File: hyperref.cfg 2002/06/06 v1.2 hyperref configuration of TeXLive
)
Package hyperref Info: Option `pdfusetitle' set `true' on input line 4322.
Package hyperref Info: Option `colorlinks' set `true' on input line 4322.
Package hyperref Info: Hyper figures OFF on input line 4446.
Package hyperref Info: Link nesting OFF on input line 4451.
Package hyperref Info: Hyper index ON on input line 4454.
Package hyperref Info: Plain pages OFF on input line 4461.
Package hyperref Info: Backreferencing OFF on input line 4466.
Package hyperref Info: Implicit mode ON; LaTeX internals redefined.
Package hyperref Info: Bookmarks ON on input line 4691.
\c@Hy@tempcnt=\count145

(/usr/local/texlive/2016/texmf-dist/tex/latex/url/url.sty
\Urlmuskip=\muskip11
Package: url 2013/09/16  ver 3.4  Verb mode for urls, etc.
)
LaTeX Info: Redefining \url on input line 5044.
\XeTeXLinkMargin=\dimen264
\Fld@menulength=\count146
\Field@Width=\dimen265
\Fld@charsize=\dimen266
Package hyperref Info: Hyper figures OFF on input line 6298.
Package hyperref Info: Link nesting OFF on input line 6303.
Package hyperref Info: Hyper index ON on input line 6306.
Package hyperref Info: backreferencing OFF on input line 6313.
Package hyperref Info: Link coloring ON on input line 6316.
Package hyperref Info: Link coloring with OCG OFF on input line 6323.
Package hyperref Info: PDF/A mode OFF on input line 6328.
LaTeX Info: Redefining \ref on input line 6368.
LaTeX Info: Redefining \pageref on input line 6372.
\Hy@abspage=\count147
\c@Item=\count148
\c@Hfootnote=\count149
)

Package hyperref Message: Driver (autodetected): hpdftex.

(/usr/local/texlive/2016/texmf-dist/tex/latex/hyperref/hpdftex.def
File: hpdftex.def 2016/05/05 v6.83n Hyperref driver for pdfTeX
\Fld@listcount=\count150
\c@bookmark@seq@number=\count151

(/usr/local/texlive/2016/texmf-dist/tex/latex/oberdiek/rerunfilecheck.sty
Package: rerunfilecheck 2016/05/16 v1.8 Rerun checks for auxiliary files (HO)
Package uniquecounter Info: New unique counter `rerunfilecheck' on input line 2
82.
)
\Hy@SectionHShift=\skip65
)
(/usr/local/texlive/2016/texmf-dist/tex/latex/algorithms/algorithm.sty
Package: algorithm 2009/08/24 v0.1 Document Style `algorithm' - floating enviro
nment
\@float@every@algorithm=\toks51
\c@algorithm=\count152
)
(/usr/local/texlive/2016/texmf-dist/tex/latex/algorithms/algorithmic.sty
Package: algorithmic 2009/08/24 v0.1 Document Style `algorithmic'
\c@ALC@unique=\count153
\c@ALC@line=\count154
\c@ALC@rem=\count155
\c@ALC@depth=\count156
\ALC@tlm=\skip66
\algorithmicindent=\skip67
)
(/usr/local/texlive/2016/texmf-dist/tex/latex/tcolorbox/tcolorbox.sty
Package: tcolorbox 2016/04/27 version 3.91 text color boxes

(/usr/local/texlive/2016/texmf-dist/tex/latex/tools/verbatim.sty
Package: verbatim 2014/10/28 v1.5q LaTeX2e package for verbatim enhancements
\every@verbatim=\toks52
\verbatim@line=\toks53
\verbatim@in@stream=\read2
)
(/usr/local/texlive/2016/texmf-dist/tex/latex/environ/environ.sty
Package: environ 2014/05/04 v0.3 A new way to define environments

(/usr/local/texlive/2016/texmf-dist/tex/latex/trimspaces/trimspaces.sty
Package: trimspaces 2009/09/17 v1.1 Trim spaces around a token list
))
(/usr/local/texlive/2016/texmf-dist/tex/latex/etoolbox/etoolbox.sty
Package: etoolbox 2015/08/02 v2.2a e-TeX tools for LaTeX (JAW)
\etb@tempcnta=\count157
)
\tcb@titlebox=\box66
\tcb@upperbox=\box67
\tcb@lowerbox=\box68
\tcb@phantombox=\box69
\c@tcbbreakpart=\count158
\c@tcblayer=\count159
\tcolorbox@number=\count160
\tcb@temp=\box70
\tcb@temp=\box71
\tcb@temp=\box72
\tcb@temp=\box73
\tcb@out=\write4
\tcb@record@out=\write5

(/usr/local/texlive/2016/texmf-dist/tex/latex/tcolorbox/tcbskins.code.tex
Library (tcolorbox): 'tcbskins.code.tex' version '3.91'
\tcb@waterbox=\box74

(/usr/local/texlive/2016/texmf-dist/tex/latex/tcolorbox/tcbskinsjigsaw.code.tex
Library (tcolorbox): 'tcbskinsjigsaw.code.tex' version '3.91'
))) (/usr/local/texlive/2016/texmf-dist/tex/latex/makecell/makecell.sty
Package: makecell 2009/08/03 V0.1e Managing of Tab Column Heads and Cells
\rotheadsize=\dimen267
\c@nlinenum=\count161
\TeXr@lab=\toks54
)
(/usr/local/texlive/2016/texmf-dist/tex/latex/setspace/setspace.sty
Package: setspace 2011/12/19 v6.7a set line spacing
)
(/usr/local/texlive/2016/texmf-dist/tex/latex/frankenstein/newclude.sty
Package: newclude 1999/11/02 v2 A new system for including files (Frankenstein'
s backbone)

(/usr/local/texlive/2016/texmf-dist/tex/latex/frankenstein/moredefs.sty
Package: moredefs 2001/08/31 v1.8 more defining commands (Frankenstein's brain)

\sc@toks@a=\toks55
\sc@toks@b=\toks56
)
\nc@toks@a=\toks57
\c@IncludeDepth=\count162
)
(/usr/local/texlive/2016/texmf-dist/tex/latex/frankenstein/tag.sto)
(/usr/local/texlive/2016/texmf-dist/tex/latex/graphics/lscape.sty
Package: lscape 2000/10/22 v3.01 Landscape Pages (DPC)
)
(/usr/local/texlive/2016/texmf-dist/tex/latex/parskip/parskip.sty
Package: parskip 2001/04/09 non-zero parskip adjustments
)
(/usr/local/texlive/2016/texmf-dist/tex/generic/babel/babel.sty
Package: babel 2016/04/23 3.9r The Babel package

(/usr/local/texlive/2016/texmf-dist/tex/generic/babel-italian/italian.ldf
Language: italian 2015/03/26 v1.3n Italian support from the babel system

(/usr/local/texlive/2016/texmf-dist/tex/generic/babel/babel.def
File: babel.def 2016/04/23 3.9r Babel common definitions
\babel@savecnt=\count163
\U@D=\dimen268
)
\it@lettering=\count164
\it@doublequoteactive=\count165
\it@ISOcompliance=\count166
)
(/usr/local/texlive/2016/texmf-dist/tex/generic/babel-english/english.ldf
Language: english 2012/08/20 v3.3p English support from the babel system
\l@canadian = a dialect from \language\l@american 
\l@australian = a dialect from \language\l@british 
\l@newzealand = a dialect from \language\l@british 
))
(/usr/local/texlive/2016/texmf-dist/tex/latex/base/inputenc.sty
Package: inputenc 2015/03/17 v1.2c Input encoding file
\inpenc@prehook=\toks58
\inpenc@posthook=\toks59

(/usr/local/texlive/2016/texmf-dist/tex/latex/base/utf8.def
File: utf8.def 2016/02/28 v1.1s UTF-8 support for inputenc
Now handling font encoding OML ...
... no UTF-8 mapping file for font encoding OML
Now handling font encoding T1 ...
... processing UTF-8 mapping file for font encoding T1

(/usr/local/texlive/2016/texmf-dist/tex/latex/base/t1enc.dfu
File: t1enc.dfu 2016/02/28 v1.1s UTF-8 support for inputenc
   defining Unicode char U+00A0 (decimal 160)
   defining Unicode char U+00A1 (decimal 161)
   defining Unicode char U+00A3 (decimal 163)
   defining Unicode char U+00AB (decimal 171)
   defining Unicode char U+00AD (decimal 173)
   defining Unicode char U+00BB (decimal 187)
   defining Unicode char U+00BF (decimal 191)
   defining Unicode char U+00C0 (decimal 192)
   defining Unicode char U+00C1 (decimal 193)
   defining Unicode char U+00C2 (decimal 194)
   defining Unicode char U+00C3 (decimal 195)
   defining Unicode char U+00C4 (decimal 196)
   defining Unicode char U+00C5 (decimal 197)
   defining Unicode char U+00C6 (decimal 198)
   defining Unicode char U+00C7 (decimal 199)
   defining Unicode char U+00C8 (decimal 200)
   defining Unicode char U+00C9 (decimal 201)
   defining Unicode char U+00CA (decimal 202)
   defining Unicode char U+00CB (decimal 203)
   defining Unicode char U+00CC (decimal 204)
   defining Unicode char U+00CD (decimal 205)
   defining Unicode char U+00CE (decimal 206)
   defining Unicode char U+00CF (decimal 207)
   defining Unicode char U+00D0 (decimal 208)
   defining Unicode char U+00D1 (decimal 209)
   defining Unicode char U+00D2 (decimal 210)
   defining Unicode char U+00D3 (decimal 211)
   defining Unicode char U+00D4 (decimal 212)
   defining Unicode char U+00D5 (decimal 213)
   defining Unicode char U+00D6 (decimal 214)
   defining Unicode char U+00D8 (decimal 216)
   defining Unicode char U+00D9 (decimal 217)
   defining Unicode char U+00DA (decimal 218)
   defining Unicode char U+00DB (decimal 219)
   defining Unicode char U+00DC (decimal 220)
   defining Unicode char U+00DD (decimal 221)
   defining Unicode char U+00DE (decimal 222)
   defining Unicode char U+00DF (decimal 223)
   defining Unicode char U+00E0 (decimal 224)
   defining Unicode char U+00E1 (decimal 225)
   defining Unicode char U+00E2 (decimal 226)
   defining Unicode char U+00E3 (decimal 227)
   defining Unicode char U+00E4 (decimal 228)
   defining Unicode char U+00E5 (decimal 229)
   defining Unicode char U+00E6 (decimal 230)
   defining Unicode char U+00E7 (decimal 231)
   defining Unicode char U+00E8 (decimal 232)
   defining Unicode char U+00E9 (decimal 233)
   defining Unicode char U+00EA (decimal 234)
   defining Unicode char U+00EB (decimal 235)
   defining Unicode char U+00EC (decimal 236)
   defining Unicode char U+00ED (decimal 237)
   defining Unicode char U+00EE (decimal 238)
   defining Unicode char U+00EF (decimal 239)
   defining Unicode char U+00F0 (decimal 240)
   defining Unicode char U+00F1 (decimal 241)
   defining Unicode char U+00F2 (decimal 242)
   defining Unicode char U+00F3 (decimal 243)
   defining Unicode char U+00F4 (decimal 244)
   defining Unicode char U+00F5 (decimal 245)
   defining Unicode char U+00F6 (decimal 246)
   defining Unicode char U+00F8 (decimal 248)
   defining Unicode char U+00F9 (decimal 249)
   defining Unicode char U+00FA (decimal 250)
   defining Unicode char U+00FB (decimal 251)
   defining Unicode char U+00FC (decimal 252)
   defining Unicode char U+00FD (decimal 253)
   defining Unicode char U+00FE (decimal 254)
   defining Unicode char U+00FF (decimal 255)
   defining Unicode char U+0100 (decimal 256)
   defining Unicode char U+0101 (decimal 257)
   defining Unicode char U+0102 (decimal 258)
   defining Unicode char U+0103 (decimal 259)
   defining Unicode char U+0104 (decimal 260)
   defining Unicode char U+0105 (decimal 261)
   defining Unicode char U+0106 (decimal 262)
   defining Unicode char U+0107 (decimal 263)
   defining Unicode char U+0108 (decimal 264)
   defining Unicode char U+0109 (decimal 265)
   defining Unicode char U+010A (decimal 266)
   defining Unicode char U+010B (decimal 267)
   defining Unicode char U+010C (decimal 268)
   defining Unicode char U+010D (decimal 269)
   defining Unicode char U+010E (decimal 270)
   defining Unicode char U+010F (decimal 271)
   defining Unicode char U+0110 (decimal 272)
   defining Unicode char U+0111 (decimal 273)
   defining Unicode char U+0112 (decimal 274)
   defining Unicode char U+0113 (decimal 275)
   defining Unicode char U+0114 (decimal 276)
   defining Unicode char U+0115 (decimal 277)
   defining Unicode char U+0116 (decimal 278)
   defining Unicode char U+0117 (decimal 279)
   defining Unicode char U+0118 (decimal 280)
   defining Unicode char U+0119 (decimal 281)
   defining Unicode char U+011A (decimal 282)
   defining Unicode char U+011B (decimal 283)
   defining Unicode char U+011C (decimal 284)
   defining Unicode char U+011D (decimal 285)
   defining Unicode char U+011E (decimal 286)
   defining Unicode char U+011F (decimal 287)
   defining Unicode char U+0120 (decimal 288)
   defining Unicode char U+0121 (decimal 289)
   defining Unicode char U+0122 (decimal 290)
   defining Unicode char U+0123 (decimal 291)
   defining Unicode char U+0124 (decimal 292)
   defining Unicode char U+0125 (decimal 293)
   defining Unicode char U+0128 (decimal 296)
   defining Unicode char U+0129 (decimal 297)
   defining Unicode char U+012A (decimal 298)
   defining Unicode char U+012B (decimal 299)
   defining Unicode char U+012C (decimal 300)
   defining Unicode char U+012D (decimal 301)
   defining Unicode char U+012E (decimal 302)
   defining Unicode char U+012F (decimal 303)
   defining Unicode char U+0130 (decimal 304)
   defining Unicode char U+0131 (decimal 305)
   defining Unicode char U+0132 (decimal 306)
   defining Unicode char U+0133 (decimal 307)
   defining Unicode char U+0134 (decimal 308)
   defining Unicode char U+0135 (decimal 309)
   defining Unicode char U+0136 (decimal 310)
   defining Unicode char U+0137 (decimal 311)
   defining Unicode char U+0139 (decimal 313)
   defining Unicode char U+013A (decimal 314)
   defining Unicode char U+013B (decimal 315)
   defining Unicode char U+013C (decimal 316)
   defining Unicode char U+013D (decimal 317)
   defining Unicode char U+013E (decimal 318)
   defining Unicode char U+0141 (decimal 321)
   defining Unicode char U+0142 (decimal 322)
   defining Unicode char U+0143 (decimal 323)
   defining Unicode char U+0144 (decimal 324)
   defining Unicode char U+0145 (decimal 325)
   defining Unicode char U+0146 (decimal 326)
   defining Unicode char U+0147 (decimal 327)
   defining Unicode char U+0148 (decimal 328)
   defining Unicode char U+014A (decimal 330)
   defining Unicode char U+014B (decimal 331)
   defining Unicode char U+014C (decimal 332)
   defining Unicode char U+014D (decimal 333)
   defining Unicode char U+014E (decimal 334)
   defining Unicode char U+014F (decimal 335)
   defining Unicode char U+0150 (decimal 336)
   defining Unicode char U+0151 (decimal 337)
   defining Unicode char U+0152 (decimal 338)
   defining Unicode char U+0153 (decimal 339)
   defining Unicode char U+0154 (decimal 340)
   defining Unicode char U+0155 (decimal 341)
   defining Unicode char U+0156 (decimal 342)
   defining Unicode char U+0157 (decimal 343)
   defining Unicode char U+0158 (decimal 344)
   defining Unicode char U+0159 (decimal 345)
   defining Unicode char U+015A (decimal 346)
   defining Unicode char U+015B (decimal 347)
   defining Unicode char U+015C (decimal 348)
   defining Unicode char U+015D (decimal 349)
   defining Unicode char U+015E (decimal 350)
   defining Unicode char U+015F (decimal 351)
   defining Unicode char U+0160 (decimal 352)
   defining Unicode char U+0161 (decimal 353)
   defining Unicode char U+0162 (decimal 354)
   defining Unicode char U+0163 (decimal 355)
   defining Unicode char U+0164 (decimal 356)
   defining Unicode char U+0165 (decimal 357)
   defining Unicode char U+0168 (decimal 360)
   defining Unicode char U+0169 (decimal 361)
   defining Unicode char U+016A (decimal 362)
   defining Unicode char U+016B (decimal 363)
   defining Unicode char U+016C (decimal 364)
   defining Unicode char U+016D (decimal 365)
   defining Unicode char U+016E (decimal 366)
   defining Unicode char U+016F (decimal 367)
   defining Unicode char U+0170 (decimal 368)
   defining Unicode char U+0171 (decimal 369)
   defining Unicode char U+0172 (decimal 370)
   defining Unicode char U+0173 (decimal 371)
   defining Unicode char U+0174 (decimal 372)
   defining Unicode char U+0175 (decimal 373)
   defining Unicode char U+0176 (decimal 374)
   defining Unicode char U+0177 (decimal 375)
   defining Unicode char U+0178 (decimal 376)
   defining Unicode char U+0179 (decimal 377)
   defining Unicode char U+017A (decimal 378)
   defining Unicode char U+017B (decimal 379)
   defining Unicode char U+017C (decimal 380)
   defining Unicode char U+017D (decimal 381)
   defining Unicode char U+017E (decimal 382)
   defining Unicode char U+01CD (decimal 461)
   defining Unicode char U+01CE (decimal 462)
   defining Unicode char U+01CF (decimal 463)
   defining Unicode char U+01D0 (decimal 464)
   defining Unicode char U+01D1 (decimal 465)
   defining Unicode char U+01D2 (decimal 466)
   defining Unicode char U+01D3 (decimal 467)
   defining Unicode char U+01D4 (decimal 468)
   defining Unicode char U+01E2 (decimal 482)
   defining Unicode char U+01E3 (decimal 483)
   defining Unicode char U+01E6 (decimal 486)
   defining Unicode char U+01E7 (decimal 487)
   defining Unicode char U+01E8 (decimal 488)
   defining Unicode char U+01E9 (decimal 489)
   defining Unicode char U+01EA (decimal 490)
   defining Unicode char U+01EB (decimal 491)
   defining Unicode char U+01F0 (decimal 496)
   defining Unicode char U+01F4 (decimal 500)
   defining Unicode char U+01F5 (decimal 501)
   defining Unicode char U+0218 (decimal 536)
   defining Unicode char U+0219 (decimal 537)
   defining Unicode char U+021A (decimal 538)
   defining Unicode char U+021B (decimal 539)
   defining Unicode char U+1E02 (decimal 7682)
   defining Unicode char U+1E03 (decimal 7683)
   defining Unicode char U+200C (decimal 8204)
   defining Unicode char U+2010 (decimal 8208)
   defining Unicode char U+2011 (decimal 8209)
   defining Unicode char U+2012 (decimal 8210)
   defining Unicode char U+2013 (decimal 8211)
   defining Unicode char U+2014 (decimal 8212)
   defining Unicode char U+2015 (decimal 8213)
   defining Unicode char U+2018 (decimal 8216)
   defining Unicode char U+2019 (decimal 8217)
   defining Unicode char U+201A (decimal 8218)
   defining Unicode char U+201C (decimal 8220)
   defining Unicode char U+201D (decimal 8221)
   defining Unicode char U+201E (decimal 8222)
   defining Unicode char U+2030 (decimal 8240)
   defining Unicode char U+2031 (decimal 8241)
   defining Unicode char U+2039 (decimal 8249)
   defining Unicode char U+203A (decimal 8250)
   defining Unicode char U+2423 (decimal 9251)
)
Now handling font encoding OT1 ...
... processing UTF-8 mapping file for font encoding OT1

(/usr/local/texlive/2016/texmf-dist/tex/latex/base/ot1enc.dfu
File: ot1enc.dfu 2016/02/28 v1.1s UTF-8 support for inputenc
   defining Unicode char U+00A0 (decimal 160)
   defining Unicode char U+00A1 (decimal 161)
   defining Unicode char U+00A3 (decimal 163)
   defining Unicode char U+00AD (decimal 173)
   defining Unicode char U+00B8 (decimal 184)
   defining Unicode char U+00BF (decimal 191)
   defining Unicode char U+00C5 (decimal 197)
   defining Unicode char U+00C6 (decimal 198)
   defining Unicode char U+00D8 (decimal 216)
   defining Unicode char U+00DF (decimal 223)
   defining Unicode char U+00E6 (decimal 230)
   defining Unicode char U+00EC (decimal 236)
   defining Unicode char U+00ED (decimal 237)
   defining Unicode char U+00EE (decimal 238)
   defining Unicode char U+00EF (decimal 239)
   defining Unicode char U+00F8 (decimal 248)
   defining Unicode char U+0131 (decimal 305)
   defining Unicode char U+0141 (decimal 321)
   defining Unicode char U+0142 (decimal 322)
   defining Unicode char U+0152 (decimal 338)
   defining Unicode char U+0153 (decimal 339)
   defining Unicode char U+0174 (decimal 372)
   defining Unicode char U+0175 (decimal 373)
   defining Unicode char U+0176 (decimal 374)
   defining Unicode char U+0177 (decimal 375)
   defining Unicode char U+0218 (decimal 536)
   defining Unicode char U+0219 (decimal 537)
   defining Unicode char U+021A (decimal 538)
   defining Unicode char U+021B (decimal 539)
   defining Unicode char U+2013 (decimal 8211)
   defining Unicode char U+2014 (decimal 8212)
   defining Unicode char U+2018 (decimal 8216)
   defining Unicode char U+2019 (decimal 8217)
   defining Unicode char U+201C (decimal 8220)
   defining Unicode char U+201D (decimal 8221)
)
Now handling font encoding OMS ...
... processing UTF-8 mapping file for font encoding OMS

(/usr/local/texlive/2016/texmf-dist/tex/latex/base/omsenc.dfu
File: omsenc.dfu 2016/02/28 v1.1s UTF-8 support for inputenc
   defining Unicode char U+00A7 (decimal 167)
   defining Unicode char U+00B6 (decimal 182)
   defining Unicode char U+00B7 (decimal 183)
   defining Unicode char U+2020 (decimal 8224)
   defining Unicode char U+2021 (decimal 8225)
   defining Unicode char U+2022 (decimal 8226)
)
Now handling font encoding OMX ...
... no UTF-8 mapping file for font encoding OMX
Now handling font encoding U ...
... no UTF-8 mapping file for font encoding U
Now handling font encoding PD1 ...
... no UTF-8 mapping file for font encoding PD1
   defining Unicode char U+00A9 (decimal 169)
   defining Unicode char U+00AA (decimal 170)
   defining Unicode char U+00AE (decimal 174)
   defining Unicode char U+00BA (decimal 186)
   defining Unicode char U+02C6 (decimal 710)
   defining Unicode char U+02DC (decimal 732)
   defining Unicode char U+200C (decimal 8204)
   defining Unicode char U+2026 (decimal 8230)
   defining Unicode char U+2122 (decimal 8482)
   defining Unicode char U+2423 (decimal 9251)
))
\c@teorema=\count167
\c@Teorema=\count168
\c@lemma=\count169
\c@example=\count170
 (./tesi.aux)
\openout1 = `tesi.aux'.

LaTeX Font Info:    Checking defaults for OML/cmm/m/it on input line 77.
LaTeX Font Info:    ... okay on input line 77.
LaTeX Font Info:    Checking defaults for T1/cmr/m/n on input line 77.
LaTeX Font Info:    ... okay on input line 77.
LaTeX Font Info:    Checking defaults for OT1/cmr/m/n on input line 77.
LaTeX Font Info:    ... okay on input line 77.
LaTeX Font Info:    Checking defaults for OMS/cmsy/m/n on input line 77.
LaTeX Font Info:    ... okay on input line 77.
LaTeX Font Info:    Checking defaults for OMX/cmex/m/n on input line 77.
LaTeX Font Info:    ... okay on input line 77.
LaTeX Font Info:    Checking defaults for U/cmr/m/n on input line 77.
LaTeX Font Info:    ... okay on input line 77.
LaTeX Font Info:    Checking defaults for PD1/pdf/m/n on input line 77.
LaTeX Font Info:    ... okay on input line 77.

(/usr/local/texlive/2016/texmf-dist/tex/context/base/mkii/supp-pdf.mkii
[Loading MPS to PDF converter (version 2006.09.02).]
\scratchcounter=\count171
\scratchdimen=\dimen269
\scratchbox=\box75
\nofMPsegments=\count172
\nofMParguments=\count173
\everyMPshowfont=\toks60
\MPscratchCnt=\count174
\MPscratchDim=\dimen270
\MPnumerator=\count175
\makeMPintoPDFobject=\count176
\everyMPtoPDFconversion=\toks61
) (/usr/local/texlive/2016/texmf-dist/tex/latex/oberdiek/epstopdf-base.sty
Package: epstopdf-base 2016/05/15 v2.6 Base part for package epstopdf

(/usr/local/texlive/2016/texmf-dist/tex/latex/oberdiek/grfext.sty
Package: grfext 2016/05/16 v1.2 Manage graphics extensions (HO)
)
Package grfext Info: Graphics extension search list:
(grfext)             [.png,.pdf,.jpg,.mps,.jpeg,.jbig2,.jb2,.PNG,.PDF,.JPG,.JPE
G,.JBIG2,.JB2,.eps]
(grfext)             \AppendGraphicsExtensions on input line 456.

(/usr/local/texlive/2016/texmf-dist/tex/latex/latexconfig/epstopdf-sys.cfg
File: epstopdf-sys.cfg 2010/07/13 v1.3 Configuration of (r)epstopdf for TeX Liv
e
))
Package caption Info: Begin \AtBeginDocument code.
Package caption Info: float package is loaded.
Package caption Info: hyperref package is loaded.
Package caption Info: rotating package is loaded.
Package caption Info: End \AtBeginDocument code.

ABD: EveryShipout initializing macros

Package pgfplots Warning: running in backwards compatibility mode (unsuitable t
ick labels; missing features). Consider writing \pgfplotsset{compat=1.13} into 
your preamble.
 on input line 77.

\AtBeginShipoutBox=\box76
Package hyperref Info: Link coloring ON on input line 77.
(/usr/local/texlive/2016/texmf-dist/tex/latex/hyperref/nameref.sty
Package: nameref 2012/10/27 v2.43 Cross-referencing by name of section

(/usr/local/texlive/2016/texmf-dist/tex/generic/oberdiek/gettitlestring.sty
Package: gettitlestring 2016/05/16 v1.5 Cleanup title references (HO)
)
\c@section@level=\count177
)
LaTeX Info: Redefining \ref on input line 77.
LaTeX Info: Redefining \pageref on input line 77.
LaTeX Info: Redefining \nameref on input line 77.

(./tesi.out) (./tesi.out)
\@outlinefile=\write6
\openout6 = `tesi.out'.

LaTeX Info: Redefining \it@ocap on input line 77.
LaTeX Info: Redefining \it@ccap on input line 77.


File italian.ldf warning: 
italian.ldf    With OT1 encoding guillemets are poorly faked
italian.ldf    Use T1 encoding
italian.ldf    or specify a font with command \CaporaliFrom
italian.ldf    See the documentation concerning the babel-italian typesetting 
italian.ldf    on input line 77.

(./frontespizio.tex <logopm.png, id=171, 301.125pt x 301.125pt>
File: logopm.png Graphic file (type png)

<use logopm.png>
Package pdftex.def Info: logopm.png used on input line 15.
(pdftex.def)             Requested size: 105.2751pt x 105.27585pt.
LaTeX Font Info:    Try loading font information for U+msa on input line 35.
 (/usr/local/texlive/2016/texmf-dist/tex/latex/amsfonts/umsa.fd
File: umsa.fd 2013/01/14 v3.01 AMS symbols A
)
LaTeX Font Info:    Try loading font information for U+msb on input line 35.
 (/usr/local/texlive/2016/texmf-dist/tex/latex/amsfonts/umsb.fd
File: umsb.fd 2013/01/14 v3.01 AMS symbols B
) [1


{/usr/local/texlive/2016/texmf-var/fonts/map/pdftex/updmap/pdftex.map} <./logop
m.png>])
(./dedica.tex) [2



] [0


] (./tesi.toc [1])
\tf@toc=\write7
\openout7 = `tesi.toc'.

 [2] (./tesi.lof
Overfull \hbox (1.83723pt too wide) in paragraph at lines 13--13
 [][] [][][]\OT1/cmr/m/n/10.95 Size of the Bit-coin blockchain with and with-ou
t multi-signatures.[][] [][]  
 []

)
\tf@lof=\write8
\openout8 = `tesi.lof'.

 [3

] (./tesi.lot)
\tf@lot=\write9
\openout9 = `tesi.lot'.

 [4

] (./abstract.tex) [5


]

Package Fancyhdr Warning: \fancyhead's `E' option without twoside option is use
less on input line 103.


Package Fancyhdr Warning: \fancyhead's `E' option without twoside option is use
less on input line 105.

[0



] (./capitolo1.tex
Chapter 1.

Underfull \hbox (badness 10000) in paragraph at lines 6--14

 []


Underfull \hbox (badness 10000) in paragraph at lines 6--14

 []

pdfTeX warning (ext4): destination with the same identifier (name{page.1}) has 
been already used, duplicate ignored
<to be read again> 
                   \relax 
l.14 	\item \textit
                   {public key encryption}: the message is encrypted using t...
[1

]
LaTeX Font Info:    Try loading font information for OMS+cmr on input line 14.
 (/usr/local/texlive/2016/texmf-dist/tex/latex/base/omscmr.fd
File: omscmr.fd 2014/09/29 v2.5h Standard LaTeX font definitions
)
LaTeX Font Info:    Font shape `OMS/cmr/m/n' in size <10.95> not available
(Font)              Font shape `OMS/cmsy/m/n' tried instead on input line 14.

Underfull \hbox (badness 10000) in paragraph at lines 17--21

 []


Underfull \hbox (badness 10000) in paragraph at lines 22--29

 []


Underfull \hbox (badness 10000) in paragraph at lines 22--29

 []


Underfull \hbox (badness 10000) in paragraph at lines 22--29

 []

pdfTeX warning (ext4): destination with the same identifier (name{page.2}) has 
been already used, duplicate ignored
<to be read again> 
                   \relax 
l.29 
      [2]) [3] (./capitolo2.tex
Chapter 2.
<clock.png, id=308, 704.6325pt x 292.09125pt>
File: clock.png Graphic file (type png)
 <use clock.png>
Package pdftex.def Info: clock.png used on input line 16.
(pdftex.def)             Requested size: 270.0pt x 111.92287pt.
 [4



]
Underfull \hbox (badness 10000) in paragraph at lines 42--45

 []

[5 <./clock.png>]
LaTeX Font Info:    Font shape `OMS/cmr/m/it' in size <10.95> not available
(Font)              Font shape `OMS/cmsy/m/n' tried instead on input line 65.

Underfull \hbox (badness 10000) in paragraph at lines 93--94

 []

[6] <eccurves.png, id=342, 586.19pt x 455.7025pt>
File: eccurves.png Graphic file (type png)
 <use eccurves.png>
Package pdftex.def Info: eccurves.png used on input line 135.
(pdftex.def)             Requested size: 270.0pt x 209.89687pt.
 [7]
<ec_somma.png, id=354, 1128.215pt x 615.29875pt>
File: ec_somma.png Graphic file (type png)
 <use ec_somma.png>
Package pdftex.def Info: ec_somma.png used on input line 150.
(pdftex.def)             Requested size: 251.9989pt x 137.43166pt.
 [8 <./eccurves.png> <./ec_somma.png>] <doubling.png, id=361, 1123.19624pt x 60
4.2575pt>
File: doubling.png Graphic file (type png)

<use doubling.png>
Package pdftex.def Info: doubling.png used on input line 171.
(pdftex.def)             Requested size: 251.9989pt x 135.56482pt.

Overfull \hbox (17.46754pt too wide) detected at line 184
[]\OML/cmm/m/it/10.95 E\OT1/cmr/m/n/10.95 (\U/msb/m/n/10.95 F[]\OT1/cmr/m/n/10.
95 ) = \OMS/cmsy/m/n/10.95 f\OT1/cmr/m/n/10.95 (\OML/cmm/m/it/10.95 x; y\OT1/cm
r/m/n/10.95 ) \OMS/cmsy/m/n/10.95 2 \U/msb/m/n/10.95 F[] \OT1/cmr/m/n/10.95 :  
\OML/cmm/m/it/10.95 y[] \OMS/cmsy/m/n/10.95 ^^Q \OML/cmm/m/it/10.95 x[] \OT1/cm
r/m/n/10.95 + \OML/cmm/m/it/10.95 ax \OT1/cmr/m/n/10.95 + \OML/cmm/m/it/10.95 b
 \OT1/cmr/m/n/10.95 ( []  \OML/cmm/m/it/10.95 p\OT1/cmr/m/n/10.95 )\OML/cmm/m/i
t/10.95 ;  \OT1/cmr/m/n/10.95 4\OML/cmm/m/it/10.95 a[] \OT1/cmr/m/n/10.95 + 27\
OML/cmm/m/it/10.95 b[] \OMS/cmsy/m/n/10.95 6^^Q \OT1/cmr/m/n/10.95 0 ( []  \OML
/cmm/m/it/10.95 p\OT1/cmr/m/n/10.95 )\OMS/cmsy/m/n/10.95 g [ fOg
 []

<EC_ex.jpg, id=365, 468.24937pt x 467.49657pt>
File: EC_ex.jpg Graphic file (type jpg)
 <use EC_ex.jpg>
Package pdftex.def Info: EC_ex.jpg used on input line 188.
(pdftex.def)             Requested size: 251.9989pt x 251.5955pt.
 [9 <./doubling.png>] <EC_aligned.jpg, id=376, 467.49657pt x 463.7325pt>
File: EC_aligned.jpg Graphic file (type jpg)
 <use EC_aligned.jpg>
Package pdftex.def Info: EC_aligned.jpg used on input line 195.
(pdftex.def)             Requested size: 251.9989pt x 249.9731pt.

[10 <./EC_ex.jpg>] [11 <./EC_aligned.jpg>]
Overfull \hbox (39.7096pt too wide) in paragraph at lines 247--248
[]$\OML/cmm/m/it/10.95 p \OT1/cmr/m/n/10.95 = \OML/cmm/m/it/10.95 FFFFFFFF FFFF
FFFF FFFFFFFF FFFFFFFF FFFFFFFF[] 
 []


Overfull \hbox (55.19676pt too wide) in paragraph at lines 248--249
[]$\OML/cmm/m/it/10.95 a \OT1/cmr/m/n/10.95 = 00000000 00000000 00000000 000000
00 00000000 00000000 00000000 00000000$ 
 []


Overfull \hbox (54.10808pt too wide) in paragraph at lines 249--250
[]$\OML/cmm/m/it/10.95 b \OT1/cmr/m/n/10.95 = 00000000 00000000 00000000 000000
00 00000000 00000000 00000000 00000007$ 
 []


Overfull \hbox (55.07338pt too wide) in paragraph at lines 250--251
[]$\OML/cmm/m/it/10.95 G \OT1/cmr/m/n/10.95 = 04 79\OML/cmm/m/it/10.95 BE\OT1/c
mr/m/n/10.95 667\OML/cmm/m/it/10.95 E F\OT1/cmr/m/n/10.95 9\OML/cmm/m/it/10.95 
DCBBAC \OT1/cmr/m/n/10.95 55\OML/cmm/m/it/10.95 A\OT1/cmr/m/n/10.95 06295 \OML/
cmm/m/it/10.95 CE\OT1/cmr/m/n/10.95 870\OML/cmm/m/it/10.95 B\OT1/cmr/m/n/10.95 
07 029\OML/cmm/m/it/10.95 BFCDB \OT1/cmr/m/n/10.95 2\OML/cmm/m/it/10.95 DCE\OT1
/cmr/m/n/10.95 28\OML/cmm/m/it/10.95 D\OT1/cmr/m/n/10.95 9[] 
 []


Overfull \hbox (49.03223pt too wide) in paragraph at lines 250--251
\OT1/cmr/m/n/10.95 59\OML/cmm/m/it/10.95 F\OT1/cmr/m/n/10.95 2815\OML/cmm/m/it/
10.95 B \OT1/cmr/m/n/10.95 16\OML/cmm/m/it/10.95 F\OT1/cmr/m/n/10.95 81798 483\
OML/cmm/m/it/10.95 ADA\OT1/cmr/m/n/10.95 77 26\OML/cmm/m/it/10.95 A\OT1/cmr/m/n
/10.95 3\OML/cmm/m/it/10.95 C\OT1/cmr/m/n/10.95 465 5\OML/cmm/m/it/10.95 DA\OT1
/cmr/m/n/10.95 4\OML/cmm/m/it/10.95 FBFC \OT1/cmr/m/n/10.95 0\OML/cmm/m/it/10.9
5 E\OT1/cmr/m/n/10.95 1108\OML/cmm/m/it/10.95 A\OT1/cmr/m/n/10.95 8 \OML/cmm/m/
it/10.95 FD\OT1/cmr/m/n/10.95 17\OML/cmm/m/it/10.95 B\OT1/cmr/m/n/10.95 448[] 
 []


Overfull \hbox (38.58968pt too wide) in paragraph at lines 251--252
[]$\OML/cmm/m/it/10.95 n \OT1/cmr/m/n/10.95 = \OML/cmm/m/it/10.95 FFFFFFFF FFFF
FFFF FFFFFFFF FFFFFFFE BAAEDCE\OT1/cmr/m/n/10.95 6[] 
 []

[12] [13]
Underfull \hbox (badness 10000) in paragraph at lines 297--309

 []

[14]
Underfull \hbox (badness 10000) in paragraph at lines 326--327

 []


Overfull \hbox (393.73154pt too wide) in paragraph at lines 322--330
[]  $[]$
 []


Underfull \hbox (badness 10000) in paragraph at lines 335--340

 []

[15]
Overfull \hbox (58.90579pt too wide) in paragraph at lines 344--365
 [][] 
 []

) [16] (./capitolo3.tex
Chapter 3.

Underfull \hbox (badness 10000) in paragraph at lines 28--31

 []

[17



]
Underfull \hbox (badness 10000) in paragraph at lines 36--37

 []


Overfull \hbox (393.73154pt too wide) in paragraph at lines 32--39
[]  $[]$ 
 []


Overfull \hbox (396.57655pt too wide) in paragraph at lines 43--60
[]  $[]$ 
 []

[18]
Underfull \hbox (badness 10000) in paragraph at lines 102--103

 []


Overfull \hbox (393.73154pt too wide) in paragraph at lines 97--106
[]  $[]$
 []


Underfull \hbox (badness 10000) in paragraph at lines 116--117

 []


Overfull \hbox (393.73154pt too wide) in paragraph at lines 107--120
[]  $[]$
 []


Underfull \hbox (badness 10000) in paragraph at lines 138--141

 []

[19]
Underfull \hbox (badness 10000) in paragraph at lines 159--163

 []

[20]
Underfull \hbox (badness 10000) in paragraph at lines 196--197

 []


Overfull \hbox (50.53381pt too wide) in paragraph at lines 201--214
[]   [] 
 []

[21]
Underfull \hbox (badness 10000) in paragraph at lines 226--231

 []

[22]) [23] (./capitolo4.tex
Chapter 4.

Underfull \hbox (badness 10000) in paragraph at lines 3--7

 []

[24



]
Underfull \hbox (badness 10000) in paragraph at lines 42--43

 []


Overfull \hbox (396.57655pt too wide) in paragraph at lines 48--55
[]  $[]$ 
 []

[25]
Overfull \hbox (393.73154pt too wide) in paragraph at lines 66--75
[]  $[]$ 
 []


Overfull \hbox (396.57655pt too wide) in paragraph at lines 79--101
[]  $[]$ 
 []


Underfull \hbox (badness 10000) in paragraph at lines 111--112

 []


Overfull \hbox (393.73154pt too wide) in paragraph at lines 107--114
[]  $[]$ 
 []


Overfull \hbox (396.57655pt too wide) in paragraph at lines 118--127
[]  $[]$ 
 []

[26] [27] [28] <BlockchainMusig.png, id=582, 850.17625pt x 560.0925pt>
File: BlockchainMusig.png Graphic file (type png)

<use BlockchainMusig.png>
Package pdftex.def Info: BlockchainMusig.png used on input line 193.
(pdftex.def)             Requested size: 306.0022pt x 201.59041pt.
) [29] [30 <./BlockchainMusig.png>] (./capitolo5.tex
Chapter 5.
[31



]
Underfull \hbox (badness 10000) in paragraph at lines 23--26

 []


Underfull \hbox (badness 10000) in paragraph at lines 27--30

 []


Underfull \hbox (badness 10000) in paragraph at lines 35--36

 []


Overfull \hbox (393.73154pt too wide) in paragraph at lines 31--38
[]  $[]$ 
 []


Overfull \hbox (396.57655pt too wide) in paragraph at lines 42--54
[]  $[]$ 
 []

[32]
Underfull \hbox (badness 10000) in paragraph at lines 117--118

 []


Overfull \hbox (393.73154pt too wide) in paragraph at lines 112--121
[]  $[]$
 []


Underfull \hbox (badness 10000) in paragraph at lines 133--135

 []


Overfull \hbox (393.73154pt too wide) in paragraph at lines 122--138
[]  $[]$
 []


Overfull \hbox (8.15862pt too wide) in paragraph at lines 141--146
\OT1/cmr/m/n/10.95 in Schnorr, as we have demon-strated in \OT1/cmr/m/it/10.95 
Chap-ter []\OT1/cmr/m/n/10.95 , it must be $\OML/cmm/m/it/10.95 h \OT1/cmr/m/n/
10.95 = \OML/cmm/m/it/10.95 H\OT1/cmr/m/n/10.95 (\OML/cmm/m/it/10.95 m\OMS/cmsy
/m/n/10.95 jj\OML/cmm/m/it/10.95 K[]\OT1/cmr/m/n/10.95 )$;
 []


Overfull \hbox (1.46333pt too wide) in paragraph at lines 141--146
\OT1/cmr/m/n/10.95 The ex-pla-na-tion lies in the fact that ECDSA works with ju
st the $\OML/cmm/m/it/10.95 x$\OT1/cmr/m/n/10.95 -coordinate
 []

[33]
Underfull \hbox (badness 10000) in paragraph at lines 153--160

 []


Overfull \hbox (35.72438pt too wide) in paragraph at lines 153--160
\OT1/cmr/m/n/10.95 Currently, Bit-coin sys-tem uses an op-er-a-tor to check the
 sig-na-tures, OP[]CHECKSIG,
 []


Underfull \hbox (badness 10000) in paragraph at lines 165--174

 []


Underfull \hbox (badness 10000) in paragraph at lines 165--174

 []

[34]) [35] (./capitolo6.tex
Chapter 6.

Overfull \hbox (6.74149pt too wide) in paragraph at lines 6--11
\OT1/cmr/m/n/10.95 Then, we have fo-cused on the scheme of Schnorr sig-na-ture 
$(\OML/cmm/m/it/10.95 Key \OMS/cmsy/m/n/10.95 ^^@ \OML/cmm/m/it/10.95 Generatio
n; [] 
 []

) [36



] [37] (./tesi.bbl
Underfull \hbox (badness 1360) in paragraph at lines 75--80
[]\OT1/cmr/m/n/10.95 Thomas Ris-ten-part and Scott Yilek.  \OT1/cmr/m/it/10.95 
The Power of Proofs-of-
 []

[38


]) [39] (./ringraziamenti.tex)
Overfull \hbox (3.57185pt too wide) in paragraph at lines 8--121
\OT1/cmr/m/it/10.95 den-dosi sem-pre disponi-bili nei mo-menti di bisogno. Ring
razio an-che Leonardo
 []


Underfull \hbox (badness 10000) in paragraph at lines 8--121

 []

[40


] (./appendiceA.tex
Appendix A.

Overfull \hbox (128.63846pt too wide) in paragraph at lines 8--8
[]\OT1/cmtt/m/n/10.95 prv1 = decode_prv('0c28fca386c7a227600b2fe50b7cae11ec86d3
bf1fbe471be89827e19d92ad1d')[] 
 []


Overfull \hbox (128.63846pt too wide) in paragraph at lines 9--9
[]\OT1/cmtt/m/n/10.95 prv2 = decode_prv('0c28fca386c7a227600b2fe50b7cae11ec86d3
bf1fbe471be89827e19d72aa1d')[] 
 []


Overfull \hbox (7.91602pt too wide) in paragraph at lines 18--18
[]\OT1/cmtt/m/n/10.95 Q_All = pointAdd(pointMultiply(HQ1, Q1), pointMultiply(HQ
2, Q2))[] 
 []


Overfull \hbox (53.90552pt too wide) in paragraph at lines 21--21
[]\OT1/cmtt/m/n/10.95 msg = '9788fd27b3aafd1bd1591a1158ce2d8bdc37ab4040dddb64e6
4d17616e69ce2b'[] 
 []


Overfull \hbox (82.64896pt too wide) in paragraph at lines 25--25
[]\OT1/cmtt/m/n/10.95 eph_prv1 = 0x012a2a833eac4e67e06611aba01345b85cdd4f5ad44f
72e369ef0dd640424dbb[] 
 []


Overfull \hbox (82.64896pt too wide) in paragraph at lines 26--26
[]\OT1/cmtt/m/n/10.95 eph_prv2 = 0x01a2a0d3eac4e67e06611aba01345b85cdd4f5ad44f7
2e369ef0dd640424dbdb[] 
 []

[41



] [42]) [43]
Package atveryend Info: Empty hook `BeforeClearDocument' on input line 138.
Package atveryend Info: Empty hook `AfterLastShipout' on input line 138.
 (./tesi.aux)
Package atveryend Info: Executing hook `AtVeryEndDocument' on input line 138.
Package atveryend Info: Executing hook `AtEndAfterFileList' on input line 138.
Package rerunfilecheck Info: File `tesi.out' has not changed.
(rerunfilecheck)             Checksum: 3D656870ECEA8D70DC3AD2A07B2DF49E;2555.
Package atveryend Info: Empty hook `AtVeryVeryEnd' on input line 138.
 ) 
Here is how much of TeX's memory you used:
 34640 strings out of 493014
 819368 string characters out of 6133352
 1048788 words of memory out of 5000000
 37239 multiletter control sequences out of 15000+600000
 17774 words of font info for 67 fonts, out of 8000000 for 9000
 1141 hyphenation exceptions out of 8191
 55i,21n,85p,909b,609s stack positions out of 5000i,500n,10000p,200000b,80000s
pdfTeX warning (dest): name{cite.ECDSA} has been referenced but does not exis
t, replaced by a fixed one

pdfTeX warning (dest): name{cite.RY} has been referenced but does not exist, re
placed by a fixed one

pdfTeX warning (dest): name{cite.MOR} has been referenced but does not exist, r
eplaced by a fixed one

pdfTeX warning (dest): name{Hfootnote.2} has been referenced but does not exist
, replaced by a fixed one

pdfTeX warning (dest): name{Hfootnote.1} has been referenced but does not exist
, replaced by a fixed one

pdfTeX warning (dest): name{cite.NovAdd} has been referenced but does not exist
, replaced by a fixed one

pdfTeX warning (dest): name{cite.MuSig} has been referenced but does not exist,
 replaced by a fixed one

pdfTeX warning (dest): name{cite.Schnorr} has been referenced but does not exis
t, replaced by a fixed one

pdfTeX warning (dest): name{cite.Miller} has been referenced but does not exist
, replaced by a fixed one

pdfTeX warning (dest): name{cite.Koblitz} has been referenced but does not exis
t, replaced by a fixed one

pdfTeX warning (dest): name{cite.Nakamoto} has been referenced but does not exi
st, replaced by a fixed one

pdfTeX warning (dest): name{cite.EnBrit} has been referenced but does not exist
, replaced by a fixed one

pdfTeX warning (dest): name{cite.ECC} has been referenced but does not exist, r
eplaced by a fixed one

pdfTeX warning (dest): name{cite.graf} has been referenced but does not exist, 
replaced by a fixed one

pdfTeX warning (dest): name{cite.wiki} has been referenced but does not exist, 
replaced by a fixed one

</usr/local/texlive/2016/texmf-dist/fonts/type1/public/amsfonts/cm/cmbx10.pfb><
/usr/local/texlive/2016/texmf-dist/fonts/type1/public/amsfonts/cm/cmbx12.pfb></
usr/local/texlive/2016/texmf-dist/fonts/type1/public/amsfonts/cm/cmbxti10.pfb><
/usr/local/texlive/2016/texmf-dist/fonts/type1/public/amsfonts/cm/cmex10.pfb></
usr/local/texlive/2016/texmf-dist/fonts/type1/public/amsfonts/cm/cmmi10.pfb></u
sr/local/texlive/2016/texmf-dist/fonts/type1/public/amsfonts/cm/cmmi6.pfb></usr
/local/texlive/2016/texmf-dist/fonts/type1/public/amsfonts/cm/cmmi7.pfb></usr/l
ocal/texlive/2016/texmf-dist/fonts/type1/public/amsfonts/cm/cmmi8.pfb></usr/loc
al/texlive/2016/texmf-dist/fonts/type1/public/amsfonts/cm/cmr10.pfb></usr/local
/texlive/2016/texmf-dist/fonts/type1/public/amsfonts/cm/cmr6.pfb></usr/local/te
xlive/2016/texmf-dist/fonts/type1/public/amsfonts/cm/cmr8.pfb></usr/local/texli
ve/2016/texmf-dist/fonts/type1/public/amsfonts/cm/cmr9.pfb></usr/local/texlive/
2016/texmf-dist/fonts/type1/public/amsfonts/cm/cmsy10.pfb></usr/local/texlive/2
016/texmf-dist/fonts/type1/public/amsfonts/cm/cmsy8.pfb></usr/local/texlive/201
6/texmf-dist/fonts/type1/public/amsfonts/cm/cmsy9.pfb></usr/local/texlive/2016/
texmf-dist/fonts/type1/public/amsfonts/cm/cmti10.pfb></usr/local/texlive/2016/t
exmf-dist/fonts/type1/public/amsfonts/cm/cmti9.pfb></usr/local/texlive/2016/tex
mf-dist/fonts/type1/public/amsfonts/cm/cmtt10.pfb></usr/local/texlive/2016/texm
f-dist/fonts/type1/public/amsfonts/symbols/msam10.pfb></usr/local/texlive/2016/
texmf-dist/fonts/type1/public/amsfonts/symbols/msbm10.pfb>
Output written on tesi.pdf (52 pages, 762568 bytes).
PDF statistics:
 839 PDF objects out of 1000 (max. 8388607)
 741 compressed objects within 8 object streams
 270 named destinations out of 1000 (max. 500000)
 381 words of extra memory for PDF output out of 10000 (max. 10000000)

